16:54:17.570 [main] INFO  ecommerceTesting.UsrAccCreateAndValdTest - Initiating driver
16:54:36.550 [main] INFO  ecommerceTesting.UsrAccCreateAndValdTest - Driver initiation comlplete
16:54:47.020 [TestNG-test=Test-1] INFO  ecommerceTesting.UsrAccCreateAndValdTest - Opening URL - http://automationpractice.com/index.php
16:54:57.411 [TestNG-test=Test-1] INFO  ecommerceTesting.UsrAccCreateAndValdTest - URL loaded
16:54:57.421 [TestNG-test=Test-1] INFO  ecommerceTesting.UsrAccCreateAndValdTest - Clicking on Sign in
16:55:01.429 [TestNG-test=Test-1] INFO  ecommerceTesting.UsrAccCreateAndValdTest - Opening URL - http://automationpractice.com/index.php
16:55:05.483 [TestNG-test=Test-1] INFO  ecommerceTesting.UsrAccCreateAndValdTest - URL loaded
16:55:05.484 [TestNG-test=Test-1] INFO  ecommerceTesting.UsrAccCreateAndValdTest - Clicking on Sign in
16:55:11.360 [TestNG-test=Test-1] INFO  ecommerceTesting.UsrAccCreateAndValdTest - Entering Email details
16:55:11.485 [TestNG-test=Test-1] INFO  ecommerceTesting.UsrAccCreateAndValdTest - Registering
16:55:13.575 [TestNG-test=Test-1] INFO  ecommerceTesting.UsrAccCreateAndValdTest - Entering user details
16:55:17.014 [TestNG-test=Test-1] INFO  ecommerceTesting.UsrAccCreateAndValdTest - Opening URL - http://automationpractice.com/index.php
16:55:22.149 [TestNG-test=Test-1] INFO  ecommerceTesting.UsrAccCreateAndValdTest - URL loaded
16:55:22.151 [TestNG-test=Test-1] INFO  ecommerceTesting.UsrAccCreateAndValdTest - Clicking on Sign in
16:58:07.159 [main] INFO  ecommerceTesting.UsrAccCreateAndValdTest - Initiating driver
16:58:10.222 [main] INFO  ecommerceTesting.UsrAccCreateAndValdTest - Driver initiation comlplete
16:58:11.042 [TestNG-test=Test-1] INFO  ecommerceTesting.UsrAccCreateAndValdTest - Opening URL - http://automationpractice.com/index.php
16:58:18.927 [TestNG-test=Test-1] INFO  ecommerceTesting.UsrAccCreateAndValdTest - URL loaded
16:58:18.934 [TestNG-test=Test-1] INFO  ecommerceTesting.UsrAccCreateAndValdTest - Clicking on Sign in
16:58:24.203 [TestNG-test=Test-1] INFO  ecommerceTesting.UsrAccCreateAndValdTest - Entering Email details
16:58:24.345 [TestNG-test=Test-1] INFO  ecommerceTesting.UsrAccCreateAndValdTest - Registering
16:58:26.442 [TestNG-test=Test-1] INFO  ecommerceTesting.UsrAccCreateAndValdTest - Entering user details
16:58:27.538 [TestNG-test=Test-1] INFO  ecommerceTesting.UsrAccCreateAndValdTest - Opening URL - http://automationpractice.com/index.php
16:58:29.798 [TestNG-test=Test-1] INFO  ecommerceTesting.UsrAccCreateAndValdTest - URL loaded
16:58:29.800 [TestNG-test=Test-1] INFO  ecommerceTesting.UsrAccCreateAndValdTest - Clicking on Sign in
16:58:34.843 [TestNG-test=Test-1] INFO  ecommerceTesting.UsrAccCreateAndValdTest - Entering Email details
16:58:34.961 [TestNG-test=Test-1] INFO  ecommerceTesting.UsrAccCreateAndValdTest - Registering
16:58:37.063 [TestNG-test=Test-1] INFO  ecommerceTesting.UsrAccCreateAndValdTest - Entering user details
16:58:52.228 [TestNG-test=Test-1] INFO  ecommerceTesting.UsrAccCreateAndValdTest - Opening URL - http://automationpractice.com/index.php
16:58:54.314 [TestNG-test=Test-1] INFO  ecommerceTesting.UsrAccCreateAndValdTest - URL loaded
16:58:54.315 [TestNG-test=Test-1] INFO  ecommerceTesting.UsrAccCreateAndValdTest - Clicking on Sign in
16:58:59.573 [TestNG-test=Test-1] INFO  ecommerceTesting.UsrAccCreateAndValdTest - Entering Email details
17:04:58.485 [main] INFO  ecommerceTesting.UsrAccCreateAndValdTest - Initiating driver
17:05:01.645 [main] INFO  ecommerceTesting.UsrAccCreateAndValdTest - Driver initiation comlplete
17:05:02.664 [TestNG-test=Test-1] INFO  ecommerceTesting.UsrAccCreateAndValdTest - Opening URL - http://automationpractice.com/index.php
17:05:09.516 [TestNG-test=Test-1] INFO  ecommerceTesting.UsrAccCreateAndValdTest - URL loaded
17:05:09.523 [TestNG-test=Test-1] INFO  ecommerceTesting.UsrAccCreateAndValdTest - Clicking on Sign in
17:05:14.196 [TestNG-test=Test-1] INFO  ecommerceTesting.UsrAccCreateAndValdTest - Entering Email details
17:05:14.347 [TestNG-test=Test-1] INFO  ecommerceTesting.UsrAccCreateAndValdTest - Registering
17:05:16.433 [TestNG-test=Test-1] INFO  ecommerceTesting.UsrAccCreateAndValdTest - Entering user details
17:05:17.950 [TestNG-test=Test-1] INFO  ecommerceTesting.UsrAccCreateAndValdTest - Opening URL - http://automationpractice.com/index.php
17:05:19.721 [TestNG-test=Test-1] INFO  ecommerceTesting.UsrAccCreateAndValdTest - URL loaded
17:05:19.723 [TestNG-test=Test-1] INFO  ecommerceTesting.UsrAccCreateAndValdTest - Clicking on Sign in
17:05:24.959 [TestNG-test=Test-1] INFO  ecommerceTesting.UsrAccCreateAndValdTest - Entering Email details
17:05:25.085 [TestNG-test=Test-1] INFO  ecommerceTesting.UsrAccCreateAndValdTest - Registering
17:05:27.187 [TestNG-test=Test-1] INFO  ecommerceTesting.UsrAccCreateAndValdTest - Entering user details
17:05:28.414 [TestNG-test=Test-1] INFO  ecommerceTesting.UsrAccCreateAndValdTest - Opening URL - http://automationpractice.com/index.php
17:05:30.062 [TestNG-test=Test-1] INFO  ecommerceTesting.UsrAccCreateAndValdTest - URL loaded
17:05:30.065 [TestNG-test=Test-1] INFO  ecommerceTesting.UsrAccCreateAndValdTest - Clicking on Sign in
17:05:35.772 [TestNG-test=Test-1] INFO  ecommerceTesting.UsrAccCreateAndValdTest - Entering Email details
17:07:56.185 [main] INFO  ecommerceTesting.UsrAccCreateAndValdTest - Initiating driver
17:08:01.178 [main] INFO  ecommerceTesting.UsrAccCreateAndValdTest - Driver initiation comlplete
17:08:02.252 [TestNG-test=Test-1] INFO  ecommerceTesting.UsrAccCreateAndValdTest - Opening URL - http://automationpractice.com/index.php
17:08:11.681 [TestNG-test=Test-1] INFO  ecommerceTesting.UsrAccCreateAndValdTest - URL loaded
17:08:11.688 [TestNG-test=Test-1] INFO  ecommerceTesting.UsrAccCreateAndValdTest - Clicking on Sign in
17:08:16.171 [TestNG-test=Test-1] INFO  ecommerceTesting.UsrAccCreateAndValdTest - Entering Email details
17:08:16.285 [TestNG-test=Test-1] INFO  ecommerceTesting.UsrAccCreateAndValdTest - Registering
17:08:18.384 [TestNG-test=Test-1] INFO  ecommerceTesting.UsrAccCreateAndValdTest - Entering user details
17:08:45.577 [TestNG-test=Test-1] INFO  ecommerceTesting.UsrAccCreateAndValdTest - Opening URL - http://automationpractice.com/index.php
17:08:48.136 [TestNG-test=Test-1] INFO  ecommerceTesting.UsrAccCreateAndValdTest - URL loaded
17:08:48.137 [TestNG-test=Test-1] INFO  ecommerceTesting.UsrAccCreateAndValdTest - Clicking on Sign in
17:08:54.383 [TestNG-test=Test-1] INFO  ecommerceTesting.UsrAccCreateAndValdTest - Entering Email details
17:08:54.453 [TestNG-test=Test-1] INFO  ecommerceTesting.UsrAccCreateAndValdTest - Registering
17:08:56.553 [TestNG-test=Test-1] INFO  ecommerceTesting.UsrAccCreateAndValdTest - Entering user details
17:09:11.871 [TestNG-test=Test-1] INFO  ecommerceTesting.UsrAccCreateAndValdTest - Opening URL - http://automationpractice.com/index.php
17:09:14.162 [TestNG-test=Test-1] INFO  ecommerceTesting.UsrAccCreateAndValdTest - URL loaded
17:09:14.164 [TestNG-test=Test-1] INFO  ecommerceTesting.UsrAccCreateAndValdTest - Clicking on Sign in
17:09:18.212 [TestNG-test=Test-1] INFO  ecommerceTesting.UsrAccCreateAndValdTest - Entering Email details
17:12:48.327 [main] INFO  ecommerceTesting.UsrAccCreateAndValdTest - Initiating driver
17:12:51.646 [main] INFO  ecommerceTesting.UsrAccCreateAndValdTest - Driver initiation comlplete
17:12:52.421 [TestNG-test=Test-1] INFO  ecommerceTesting.UsrAccCreateAndValdTest - Opening URL - http://automationpractice.com/index.php
17:12:59.596 [TestNG-test=Test-1] INFO  ecommerceTesting.UsrAccCreateAndValdTest - URL loaded
17:12:59.602 [TestNG-test=Test-1] INFO  ecommerceTesting.UsrAccCreateAndValdTest - Clicking on Sign in
17:13:04.399 [TestNG-test=Test-1] INFO  ecommerceTesting.UsrAccCreateAndValdTest - Entering Email details 12w3dwsbzza@mail.com
17:13:04.545 [TestNG-test=Test-1] INFO  ecommerceTesting.UsrAccCreateAndValdTest - Registering
17:13:06.640 [TestNG-test=Test-1] INFO  ecommerceTesting.UsrAccCreateAndValdTest - Entering user details for Rav Raj
17:13:08.090 [TestNG-test=Test-1] INFO  ecommerceTesting.UsrAccCreateAndValdTest - Opening URL - http://automationpractice.com/index.php
17:13:10.175 [TestNG-test=Test-1] INFO  ecommerceTesting.UsrAccCreateAndValdTest - URL loaded
17:13:10.177 [TestNG-test=Test-1] INFO  ecommerceTesting.UsrAccCreateAndValdTest - Clicking on Sign in
17:13:15.188 [TestNG-test=Test-1] INFO  ecommerceTesting.UsrAccCreateAndValdTest - Entering Email details 
17:13:15.257 [TestNG-test=Test-1] INFO  ecommerceTesting.UsrAccCreateAndValdTest - Registering
17:13:17.333 [TestNG-test=Test-1] INFO  ecommerceTesting.UsrAccCreateAndValdTest - Entering user details for  
17:13:32.486 [TestNG-test=Test-1] INFO  ecommerceTesting.UsrAccCreateAndValdTest - Opening URL - http://automationpractice.com/index.php
17:13:34.582 [TestNG-test=Test-1] INFO  ecommerceTesting.UsrAccCreateAndValdTest - URL loaded
17:13:34.585 [TestNG-test=Test-1] INFO  ecommerceTesting.UsrAccCreateAndValdTest - Clicking on Sign in
17:13:39.064 [TestNG-test=Test-1] INFO  ecommerceTesting.UsrAccCreateAndValdTest - Entering Email details null
17:16:15.185 [main] INFO  ecommerceTesting.UsrAccCreateAndValdTest - Initiating driver
17:16:17.818 [main] INFO  ecommerceTesting.UsrAccCreateAndValdTest - Driver initiation comlplete
17:16:18.576 [TestNG-test=Test-1] INFO  ecommerceTesting.UsrAccCreateAndValdTest - Opening URL - http://automationpractice.com/index.php
17:16:25.749 [TestNG-test=Test-1] INFO  ecommerceTesting.UsrAccCreateAndValdTest - URL loaded
17:16:25.757 [TestNG-test=Test-1] INFO  ecommerceTesting.UsrAccCreateAndValdTest - Clicking on Sign in
17:16:30.663 [TestNG-test=Test-1] INFO  ecommerceTesting.UsrAccCreateAndValdTest - Entering Email details null
17:18:34.351 [main] INFO  ecommerceTesting.UsrAccCreateAndValdTest - Initiating driver
17:18:37.074 [main] INFO  ecommerceTesting.UsrAccCreateAndValdTest - Driver initiation comlplete
17:18:38.055 [TestNG-test=Test-1] INFO  ecommerceTesting.UsrAccCreateAndValdTest - Opening URL - http://automationpractice.com/index.php
17:18:43.692 [TestNG-test=Test-1] INFO  ecommerceTesting.UsrAccCreateAndValdTest - URL loaded
17:18:43.697 [TestNG-test=Test-1] INFO  ecommerceTesting.UsrAccCreateAndValdTest - Clicking on Sign in
17:18:49.688 [TestNG-test=Test-1] INFO  ecommerceTesting.UsrAccCreateAndValdTest - Entering Email details 12sw3dwsbzza@mail.com
17:18:49.850 [TestNG-test=Test-1] INFO  ecommerceTesting.UsrAccCreateAndValdTest - Registering
17:18:51.990 [TestNG-test=Test-1] INFO  ecommerceTesting.UsrAccCreateAndValdTest - Entering user details for Rav Raj
17:18:53.477 [TestNG-test=Test-1] INFO  ecommerceTesting.UsrAccCreateAndValdTest - Opening URL - http://automationpractice.com/index.php
17:18:55.426 [TestNG-test=Test-1] INFO  ecommerceTesting.UsrAccCreateAndValdTest - URL loaded
17:18:55.428 [TestNG-test=Test-1] INFO  ecommerceTesting.UsrAccCreateAndValdTest - Clicking on Sign in
17:19:00.864 [TestNG-test=Test-1] INFO  ecommerceTesting.UsrAccCreateAndValdTest - Entering Email details null
17:24:01.429 [main] INFO  ecommerceTesting.UsrAccCreateAndValdTest - Initiating driver
17:24:04.187 [main] INFO  ecommerceTesting.UsrAccCreateAndValdTest - Driver initiation comlplete
17:24:05.015 [TestNG-test=Test-1] INFO  ecommerceTesting.UsrAccCreateAndValdTest - Opening URL - http://automationpractice.com/index.php
17:24:11.109 [TestNG-test=Test-1] INFO  ecommerceTesting.UsrAccCreateAndValdTest - URL loaded
17:24:11.118 [TestNG-test=Test-1] INFO  ecommerceTesting.UsrAccCreateAndValdTest - Clicking on Sign in
17:24:15.575 [TestNG-test=Test-1] INFO  ecommerceTesting.UsrAccCreateAndValdTest - Entering Email details 12sw3dwsbzza@mail.com
17:24:15.749 [TestNG-test=Test-1] INFO  ecommerceTesting.UsrAccCreateAndValdTest - Registering
17:24:17.867 [TestNG-test=Test-1] INFO  ecommerceTesting.UsrAccCreateAndValdTest - Entering user details for Rav Raj
17:24:18.985 [TestNG-test=Test-1] INFO  ecommerceTesting.UsrAccCreateAndValdTest - Submitting details addninfo askjfhkjasf
17:24:19.086 [TestNG-test=Test-1] INFO  ecommerceTesting.UsrAccCreateAndValdTest - Submitting details now  mobile no null
17:24:19.370 [TestNG-test=Test-1] INFO  ecommerceTesting.UsrAccCreateAndValdTest - Opening URL - http://automationpractice.com/index.php
17:24:21.397 [TestNG-test=Test-1] INFO  ecommerceTesting.UsrAccCreateAndValdTest - URL loaded
17:24:21.399 [TestNG-test=Test-1] INFO  ecommerceTesting.UsrAccCreateAndValdTest - Clicking on Sign in
17:24:26.240 [TestNG-test=Test-1] INFO  ecommerceTesting.UsrAccCreateAndValdTest - Entering Email details null
17:28:42.900 [main] INFO  ecommerceTesting.UsrAccCreateAndValdTest - Initiating driver
17:28:45.332 [main] INFO  ecommerceTesting.UsrAccCreateAndValdTest - Driver initiation comlplete
17:28:46.336 [TestNG-test=Test-1] INFO  ecommerceTesting.UsrAccCreateAndValdTest - Opening URL - http://automationpractice.com/index.php
17:28:52.535 [TestNG-test=Test-1] INFO  ecommerceTesting.UsrAccCreateAndValdTest - URL loaded
17:28:52.544 [TestNG-test=Test-1] INFO  ecommerceTesting.UsrAccCreateAndValdTest - Clicking on Sign in
17:28:57.604 [TestNG-test=Test-1] INFO  ecommerceTesting.UsrAccCreateAndValdTest - Entering Email details 12sw3dwsbzza@mail.com
17:28:57.757 [TestNG-test=Test-1] INFO  ecommerceTesting.UsrAccCreateAndValdTest - Registering
17:28:59.859 [TestNG-test=Test-1] INFO  ecommerceTesting.UsrAccCreateAndValdTest - Entering user details for Rav Raj
17:29:01.000 [TestNG-test=Test-1] INFO  ecommerceTesting.UsrAccCreateAndValdTest - Submitting details addninfo askjfhkjasf
17:29:01.110 [TestNG-test=Test-1] INFO  ecommerceTesting.UsrAccCreateAndValdTest - Submitting details now  mobile no 1234567890
17:29:01.250 [TestNG-test=Test-1] INFO  ecommerceTesting.UsrAccCreateAndValdTest - Submitting details till mobile no 1234567890
17:29:06.044 [TestNG-test=Test-1] INFO  ecommerceTesting.UsrAccCreateAndValdTest - Validating user creation
17:29:06.073 [TestNG-test=Test-1] ERROR ecommerceTesting.UsrAccCreateAndValdTest - User creation failed
17:55:40.478 [main] INFO  ecommerceTesting.UsrAccCreateAndValdTest - Initiating driver
17:55:43.556 [main] INFO  ecommerceTesting.UsrAccCreateAndValdTest - Driver initiation comlplete
17:58:53.041 [main] INFO  ecommerceTesting.UsrAccCreateAndValdTest - Initiating driver
17:58:56.108 [main] INFO  ecommerceTesting.UsrAccCreateAndValdTest - Driver initiation comlplete
17:59:50.796 [main] INFO  ecommerceTesting.UsrAccCreateAndValdTest - Initiating driver
17:59:53.304 [main] INFO  ecommerceTesting.UsrAccCreateAndValdTest - Driver initiation comlplete
17:59:54.244 [TestNG-test=Test-1] INFO  ecommerceTesting.UsrAccCreateAndValdTest - Opening URL - http://automationpractice.com/index.php
18:00:01.585 [TestNG-test=Test-1] INFO  ecommerceTesting.UsrAccCreateAndValdTest - URL loaded
18:00:01.621 [TestNG-test=Test-1] INFO  ecommerceTesting.UsrAccCreateAndValdTest - Clicking on Sign in
18:00:06.376 [TestNG-test=Test-1] INFO  ecommerceTesting.UsrAccCreateAndValdTest - Entering Email details 12sw3sdwsbzza@mail.com
18:00:06.528 [TestNG-test=Test-1] INFO  ecommerceTesting.UsrAccCreateAndValdTest - Registering
18:00:08.664 [TestNG-test=Test-1] INFO  ecommerceTesting.UsrAccCreateAndValdTest - Entering user details for Rav Raj
18:00:10.036 [TestNG-test=Test-1] INFO  ecommerceTesting.UsrAccCreateAndValdTest - Submitting details addninfo askjfhkjasf
18:00:10.150 [TestNG-test=Test-1] INFO  ecommerceTesting.UsrAccCreateAndValdTest - Submitting details now  mobile no 1234567890
18:00:10.285 [TestNG-test=Test-1] INFO  ecommerceTesting.UsrAccCreateAndValdTest - Submitting details till mobile no 1234567890
18:00:14.568 [TestNG-test=Test-1] INFO  ecommerceTesting.UsrAccCreateAndValdTest - Validating user creation
18:00:14.611 [TestNG-test=Test-1] ERROR ecommerceTesting.UsrAccCreateAndValdTest - User creation failed
18:04:13.243 [main] INFO  ecommerceTesting.UsrAccCreateAndValdTest - Initiating driver
18:04:15.682 [main] INFO  ecommerceTesting.UsrAccCreateAndValdTest - Driver initiation comlplete
18:04:16.538 [TestNG-test=Test-1] INFO  ecommerceTesting.UsrAccCreateAndValdTest - Opening URL - http://automationpractice.com/index.php
18:04:23.430 [TestNG-test=Test-1] INFO  ecommerceTesting.UsrAccCreateAndValdTest - URL loaded
18:04:23.439 [TestNG-test=Test-1] INFO  ecommerceTesting.UsrAccCreateAndValdTest - Clicking on Sign in
18:04:28.106 [TestNG-test=Test-1] INFO  ecommerceTesting.UsrAccCreateAndValdTest - Entering Email details 12sw3ssdwsbzza@mail.com
18:04:28.258 [TestNG-test=Test-1] INFO  ecommerceTesting.UsrAccCreateAndValdTest - Registering
18:04:30.378 [TestNG-test=Test-1] INFO  ecommerceTesting.UsrAccCreateAndValdTest - Entering user details for Mr Rav Raj
18:04:31.512 [TestNG-test=Test-1] INFO  ecommerceTesting.UsrAccCreateAndValdTest - Submitting details addninfo askjfhkjasf
18:04:31.626 [TestNG-test=Test-1] INFO  ecommerceTesting.UsrAccCreateAndValdTest - Submitting details now  mobile no 1234567890
18:04:31.761 [TestNG-test=Test-1] INFO  ecommerceTesting.UsrAccCreateAndValdTest - Submitting details till mobile no 1234567890
18:04:36.248 [TestNG-test=Test-1] INFO  ecommerceTesting.UsrAccCreateAndValdTest - Validating user creation
18:04:36.277 [TestNG-test=Test-1] ERROR ecommerceTesting.UsrAccCreateAndValdTest - User creation failed
18:04:39.335 [TestNG-test=Test-1] INFO  ecommerceTesting.UsrAccCreateAndValdTest - Opening URL - http://automationpractice.com/index.php
18:04:41.261 [TestNG-test=Test-1] INFO  ecommerceTesting.UsrAccCreateAndValdTest - URL loaded
18:04:41.262 [TestNG-test=Test-1] INFO  ecommerceTesting.UsrAccCreateAndValdTest - Clicking on Sign in
18:04:46.231 [TestNG-test=Test-1] INFO  ecommerceTesting.UsrAccCreateAndValdTest - Entering Email details 12s2w3ssdwsbzza@mail.com
18:13:19.428 [TestNG-test=Test-1] INFO  ecommerceTesting.UsrAccCreateAndValdTest - Initiating driver
18:13:21.728 [TestNG-test=Test-1] INFO  ecommerceTesting.UsrAccCreateAndValdTest - Driver initiation comlplete
18:13:22.564 [TestNG-test=Test-1] INFO  ecommerceTesting.UsrAccCreateAndValdTest - Opening URL - http://automationpractice.com/index.php
18:13:29.254 [TestNG-test=Test-1] INFO  ecommerceTesting.UsrAccCreateAndValdTest - URL loaded
18:13:29.263 [TestNG-test=Test-1] INFO  ecommerceTesting.UsrAccCreateAndValdTest - Clicking on Sign in
18:13:34.008 [TestNG-test=Test-1] INFO  ecommerceTesting.UsrAccCreateAndValdTest - Entering Email details zz1a@mail.com
18:13:34.139 [TestNG-test=Test-1] INFO  ecommerceTesting.UsrAccCreateAndValdTest - Registering
18:13:36.248 [TestNG-test=Test-1] INFO  ecommerceTesting.UsrAccCreateAndValdTest - Entering user details for Mr Rav Raj
18:13:37.329 [TestNG-test=Test-1] INFO  ecommerceTesting.UsrAccCreateAndValdTest - Submitting details addninfo askjfhkjasf
18:13:37.474 [TestNG-test=Test-1] INFO  ecommerceTesting.UsrAccCreateAndValdTest - Submitting details now  mobile no 1234567890
18:13:37.614 [TestNG-test=Test-1] INFO  ecommerceTesting.UsrAccCreateAndValdTest - Submitting details till mobile no 1234567890
18:13:42.444 [TestNG-test=Test-1] INFO  ecommerceTesting.UsrAccCreateAndValdTest - Validating user creation
18:13:42.479 [TestNG-test=Test-1] ERROR ecommerceTesting.UsrAccCreateAndValdTest - User creation failed
18:13:45.609 [TestNG-test=Test-1] INFO  ecommerceTesting.UsrAccCreateAndValdTest - Opening URL - http://automationpractice.com/index.php
18:13:48.298 [TestNG-test=Test-1] INFO  ecommerceTesting.UsrAccCreateAndValdTest - URL loaded
18:13:48.300 [TestNG-test=Test-1] INFO  ecommerceTesting.UsrAccCreateAndValdTest - Clicking on Sign in
18:13:55.649 [TestNG-test=Test-1] INFO  ecommerceTesting.UsrAccCreateAndValdTest - Entering Email details ssd3@mail.com
18:16:13.289 [TestNG-test=Test-1] INFO  ecommerceTesting.UsrAccCreateAndValdTest - Initiating driver
18:16:15.868 [TestNG-test=Test-1] INFO  ecommerceTesting.UsrAccCreateAndValdTest - Driver initiation comlplete
18:16:15.888 [TestNG-test=Test-1] INFO  ecommerceTesting.UsrAccCreateAndValdTest - Opening URL - http://automationpractice.com/index.php
18:16:26.029 [TestNG-test=Test-1] INFO  ecommerceTesting.UsrAccCreateAndValdTest - URL loaded
18:16:26.037 [TestNG-test=Test-1] INFO  ecommerceTesting.UsrAccCreateAndValdTest - Clicking on Sign in
18:16:31.575 [TestNG-test=Test-1] INFO  ecommerceTesting.UsrAccCreateAndValdTest - Entering Email details zzs1a@mail.com
18:16:31.740 [TestNG-test=Test-1] INFO  ecommerceTesting.UsrAccCreateAndValdTest - Registering
18:16:33.885 [TestNG-test=Test-1] INFO  ecommerceTesting.UsrAccCreateAndValdTest - Entering user details for Mr Rav Raj
18:16:34.919 [TestNG-test=Test-1] INFO  ecommerceTesting.UsrAccCreateAndValdTest - Submitting details addninfo askjfhkjasf
18:16:35.031 [TestNG-test=Test-1] INFO  ecommerceTesting.UsrAccCreateAndValdTest - Submitting details now  mobile no 1234567890
18:16:35.147 [TestNG-test=Test-1] INFO  ecommerceTesting.UsrAccCreateAndValdTest - Submitting details till mobile no 1234567890
18:16:39.324 [TestNG-test=Test-1] INFO  ecommerceTesting.UsrAccCreateAndValdTest - Validating user creation
18:16:39.352 [TestNG-test=Test-1] ERROR ecommerceTesting.UsrAccCreateAndValdTest - User creation failed
18:16:41.690 [TestNG-test=Test-1] INFO  ecommerceTesting.UsrAccCreateAndValdTest - Initiating driver
18:16:43.546 [TestNG-test=Test-1] INFO  ecommerceTesting.UsrAccCreateAndValdTest - Driver initiation comlplete
18:16:43.548 [TestNG-test=Test-1] INFO  ecommerceTesting.UsrAccCreateAndValdTest - Opening URL - http://automationpractice.com/index.php
18:16:51.766 [TestNG-test=Test-1] INFO  ecommerceTesting.UsrAccCreateAndValdTest - URL loaded
18:16:51.768 [TestNG-test=Test-1] INFO  ecommerceTesting.UsrAccCreateAndValdTest - Clicking on Sign in
18:16:56.570 [TestNG-test=Test-1] INFO  ecommerceTesting.UsrAccCreateAndValdTest - Entering Email details ssd3@mail.com
18:16:56.703 [TestNG-test=Test-1] INFO  ecommerceTesting.UsrAccCreateAndValdTest - Registering
18:16:58.801 [TestNG-test=Test-1] INFO  ecommerceTesting.UsrAccCreateAndValdTest - Entering user details for Mrs Rave Raji
18:16:59.830 [TestNG-test=Test-1] INFO  ecommerceTesting.UsrAccCreateAndValdTest - Submitting details addninfo askjfhkjasf
18:16:59.943 [TestNG-test=Test-1] INFO  ecommerceTesting.UsrAccCreateAndValdTest - Submitting details now  mobile no 1234567890
18:17:00.142 [TestNG-test=Test-1] INFO  ecommerceTesting.UsrAccCreateAndValdTest - Submitting details till mobile no 1234567890
18:17:04.779 [TestNG-test=Test-1] INFO  ecommerceTesting.UsrAccCreateAndValdTest - Validating user creation
18:17:04.806 [TestNG-test=Test-1] ERROR ecommerceTesting.UsrAccCreateAndValdTest - User creation failed
18:35:48.225 [TestNG-test=Test-1] INFO  ecommerceTesting.UsrAccCreateAndValdTest - Initiating driver
18:35:54.363 [TestNG-test=Test-1] INFO  ecommerceTesting.UsrAccCreateAndValdTest - Driver initiation comlplete
18:35:54.367 [TestNG-test=Test-1] INFO  ecommerceTesting.UsrAccCreateAndValdTest - Opening URL - http://automationpractice.com/index.php
18:36:02.648 [TestNG-test=Test-1] INFO  ecommerceTesting.UsrAccCreateAndValdTest - URL loaded
18:36:02.656 [TestNG-test=Test-1] INFO  ecommerceTesting.UsrAccCreateAndValdTest - Clicking on Sign in
18:36:08.832 [TestNG-test=Test-1] INFO  ecommerceTesting.UsrAccCreateAndValdTest - Entering Email details zszs1a@mail.com
18:36:08.976 [TestNG-test=Test-1] INFO  ecommerceTesting.UsrAccCreateAndValdTest - Registering
18:36:11.176 [TestNG-test=Test-1] INFO  ecommerceTesting.UsrAccCreateAndValdTest - Entering user details for Mr Rav Raj
18:36:12.418 [TestNG-test=Test-1] INFO  ecommerceTesting.UsrAccCreateAndValdTest - Submitting details addninfo askjfhkjasf
18:36:12.545 [TestNG-test=Test-1] INFO  ecommerceTesting.UsrAccCreateAndValdTest - Submitting details now  mobile no 1234567890
18:36:12.673 [TestNG-test=Test-1] INFO  ecommerceTesting.UsrAccCreateAndValdTest - Submitting details till mobile no 1234567890
18:36:17.935 [TestNG-test=Test-1] INFO  ecommerceTesting.UsrAccCreateAndValdTest - Validating user creation
18:36:17.976 [TestNG-test=Test-1] ERROR ecommerceTesting.UsrAccCreateAndValdTest - User creation failed
18:36:21.236 [TestNG-test=Test-1] INFO  ecommerceTesting.UsrAccCreateAndValdTest - Initiating driver
18:36:24.441 [TestNG-test=Test-1] INFO  ecommerceTesting.UsrAccCreateAndValdTest - Driver initiation comlplete
18:36:24.474 [TestNG-test=Test-1] INFO  ecommerceTesting.UsrAccCreateAndValdTest - Opening URL - http://automationpractice.com/index.php
18:36:38.583 [TestNG-test=Test-1] INFO  ecommerceTesting.UsrAccCreateAndValdTest - URL loaded
18:36:38.585 [TestNG-test=Test-1] INFO  ecommerceTesting.UsrAccCreateAndValdTest - Clicking on Sign in
18:36:45.649 [TestNG-test=Test-1] INFO  ecommerceTesting.UsrAccCreateAndValdTest - Entering Email details sssd3@mail.com
18:36:45.782 [TestNG-test=Test-1] INFO  ecommerceTesting.UsrAccCreateAndValdTest - Registering
18:36:47.876 [TestNG-test=Test-1] INFO  ecommerceTesting.UsrAccCreateAndValdTest - Entering user details for Mrs Rave Raji
18:36:49.797 [TestNG-test=Test-1] INFO  ecommerceTesting.UsrAccCreateAndValdTest - Submitting details addninfo askjfhkjasf
18:36:49.930 [TestNG-test=Test-1] INFO  ecommerceTesting.UsrAccCreateAndValdTest - Submitting details now  mobile no 1234567890
18:36:50.069 [TestNG-test=Test-1] INFO  ecommerceTesting.UsrAccCreateAndValdTest - Submitting details till mobile no 1234567890
18:36:54.400 [TestNG-test=Test-1] INFO  ecommerceTesting.UsrAccCreateAndValdTest - Validating user creation
18:36:54.429 [TestNG-test=Test-1] ERROR ecommerceTesting.UsrAccCreateAndValdTest - User creation failed
18:44:21.391 [TestNG-test=Test-1] INFO  ecommerceTesting.UsrAccCreateAndValdTest - Initiating driver
18:44:27.104 [TestNG-test=Test-1] INFO  ecommerceTesting.UsrAccCreateAndValdTest - Driver initiation comlplete
18:44:27.128 [TestNG-test=Test-1] INFO  ecommerceTesting.UsrAccCreateAndValdTest - Opening URL - http://automationpractice.com/index.php
18:44:36.314 [TestNG-test=Test-1] INFO  ecommerceTesting.UsrAccCreateAndValdTest - URL loaded
18:44:36.339 [TestNG-test=Test-1] INFO  ecommerceTesting.UsrAccCreateAndValdTest - Clicking on Sign in
18:44:42.031 [TestNG-test=Test-1] INFO  ecommerceTesting.UsrAccCreateAndValdTest - Entering Email details zszs1as@mail.com
18:44:42.194 [TestNG-test=Test-1] INFO  ecommerceTesting.UsrAccCreateAndValdTest - Registering
18:44:44.310 [TestNG-test=Test-1] INFO  ecommerceTesting.UsrAccCreateAndValdTest - Entering user details for Mr Rav Raj
18:44:45.713 [TestNG-test=Test-1] INFO  ecommerceTesting.UsrAccCreateAndValdTest - Submitting details addninfo askjfhkjasf
18:44:45.841 [TestNG-test=Test-1] INFO  ecommerceTesting.UsrAccCreateAndValdTest - Submitting details now  mobile no 1234567890
18:44:45.994 [TestNG-test=Test-1] INFO  ecommerceTesting.UsrAccCreateAndValdTest - Submitting details till mobile no 1234567890
18:44:52.352 [TestNG-test=Test-1] INFO  ecommerceTesting.UsrAccCreateAndValdTest - Validating user creation
18:44:52.387 [TestNG-test=Test-1] INFO  ecommerceTesting.UsrAccCreateAndValdTest - User creation success
18:44:55.822 [TestNG-test=Test-1] INFO  ecommerceTesting.UsrAccCreateAndValdTest - Initiating driver
18:44:58.385 [TestNG-test=Test-1] INFO  ecommerceTesting.UsrAccCreateAndValdTest - Driver initiation comlplete
18:44:58.387 [TestNG-test=Test-1] INFO  ecommerceTesting.UsrAccCreateAndValdTest - Opening URL - http://automationpractice.com/index.php
18:45:08.492 [TestNG-test=Test-1] INFO  ecommerceTesting.UsrAccCreateAndValdTest - URL loaded
18:45:08.494 [TestNG-test=Test-1] INFO  ecommerceTesting.UsrAccCreateAndValdTest - Clicking on Sign in
18:45:14.878 [TestNG-test=Test-1] INFO  ecommerceTesting.UsrAccCreateAndValdTest - Entering Email details ssssd3@mail.com
18:45:15.023 [TestNG-test=Test-1] INFO  ecommerceTesting.UsrAccCreateAndValdTest - Registering
18:45:17.126 [TestNG-test=Test-1] INFO  ecommerceTesting.UsrAccCreateAndValdTest - Entering user details for Mrs Rave Raji
18:45:19.183 [TestNG-test=Test-1] INFO  ecommerceTesting.UsrAccCreateAndValdTest - Submitting details addninfo askjfhkjasf
18:45:19.319 [TestNG-test=Test-1] INFO  ecommerceTesting.UsrAccCreateAndValdTest - Submitting details now  mobile no 1234567890
18:45:19.490 [TestNG-test=Test-1] INFO  ecommerceTesting.UsrAccCreateAndValdTest - Submitting details till mobile no 1234567890
18:45:25.346 [TestNG-test=Test-1] INFO  ecommerceTesting.UsrAccCreateAndValdTest - Validating user creation
18:45:25.377 [TestNG-test=Test-1] INFO  ecommerceTesting.UsrAccCreateAndValdTest - User creation success
20:00:31.256 [TestNG-test=Test-1] INFO  ecommerceTesting.UsrAccCreateAndValdTest - Initiating driver
20:00:40.667 [TestNG-test=Test-1] INFO  ecommerceTesting.UsrAccCreateAndValdTest - Driver initiation comlplete
20:00:40.760 [TestNG-test=Test-1] INFO  ecommerceTesting.UsrAccCreateAndValdTest - Opening URL - http://automationpractice.com/index.php
20:00:50.432 [TestNG-test=Test-1] INFO  ecommerceTesting.UsrAccCreateAndValdTest - URL loaded
20:00:50.502 [TestNG-test=Test-1] INFO  ecommerceTesting.UsrAccCreateAndValdTest - Clicking on Sign in
20:00:55.777 [TestNG-test=Test-1] INFO  ecommerceTesting.UsrAccCreateAndValdTest - Initiating driver
20:01:00.732 [TestNG-test=Test-1] INFO  ecommerceTesting.UsrAccCreateAndValdTest - Driver initiation comlplete
20:01:00.769 [TestNG-test=Test-1] INFO  ecommerceTesting.UsrAccCreateAndValdTest - Opening URL - http://automationpractice.com/index.php
20:01:08.806 [TestNG-test=Test-1] INFO  ecommerceTesting.UsrAccCreateAndValdTest - URL loaded
20:01:08.808 [TestNG-test=Test-1] INFO  ecommerceTesting.UsrAccCreateAndValdTest - Clicking on Sign in
20:01:15.865 [TestNG-test=Test-1] INFO  ecommerceTesting.UsrAccCreateAndValdTest - Entering Email details sssssyd3@mail.com
20:01:16.007 [TestNG-test=Test-1] INFO  ecommerceTesting.UsrAccCreateAndValdTest - Registering
20:01:18.120 [TestNG-test=Test-1] INFO  ecommerceTesting.UsrAccCreateAndValdTest - Entering user details for Mrs Rave Raji
20:01:19.360 [TestNG-test=Test-1] INFO  ecommerceTesting.UsrAccCreateAndValdTest - Submitting details addninfo askjfhkjasf
20:01:19.469 [TestNG-test=Test-1] INFO  ecommerceTesting.UsrAccCreateAndValdTest - Submitting details now  mobile no 1234567890
20:01:19.585 [TestNG-test=Test-1] INFO  ecommerceTesting.UsrAccCreateAndValdTest - Submitting details till mobile no 1234567890
20:01:29.534 [TestNG-test=Test-1] INFO  ecommerceTesting.UsrAccCreateAndValdTest - Validating user creation
20:01:29.566 [TestNG-test=Test-1] INFO  ecommerceTesting.UsrAccCreateAndValdTest - User creation success
20:08:56.051 [TestNG-test=Test-1] INFO  ecommerceTesting.UsrAccCreateAndValdTest - Initiating driver
20:09:00.308 [TestNG-test=Test-1] INFO  ecommerceTesting.UsrAccCreateAndValdTest - Driver initiation comlplete
20:09:00.322 [TestNG-test=Test-1] INFO  ecommerceTesting.UsrAccCreateAndValdTest - Opening URL - http://automationpractice.com/index.php
20:09:09.860 [TestNG-test=Test-1] INFO  ecommerceTesting.UsrAccCreateAndValdTest - URL loaded
20:09:09.866 [TestNG-test=Test-1] INFO  ecommerceTesting.UsrAccCreateAndValdTest - Clicking on Sign in
20:09:13.949 [TestNG-test=Test-1] INFO  ecommerceTesting.UsrAccCreateAndValdTest - Initiating driver
20:09:15.235 [TestNG-test=Test-1] INFO  ecommerceTesting.UsrAccCreateAndValdTest - Driver initiation comlplete
20:09:15.238 [TestNG-test=Test-1] INFO  ecommerceTesting.UsrAccCreateAndValdTest - Opening URL - http://automationpractice.com/index.php
20:09:23.254 [TestNG-test=Test-1] INFO  ecommerceTesting.UsrAccCreateAndValdTest - URL loaded
20:09:23.256 [TestNG-test=Test-1] INFO  ecommerceTesting.UsrAccCreateAndValdTest - Clicking on Sign in
20:11:47.064 [TestNG-test=Test-1] INFO  ecommerceTesting.UsrAccCreateAndValdTest - Initiating driver
