19:54:44.051 [TestNG-test=Test-1] INFO  ecommerceTesting.UsrAccCreateAndValdTest - Initiating driver
19:55:08.743 [TestNG-test=Test-1] INFO  ecommerceTesting.UsrAccCreateAndValdTest - Driver initiation comlplete
19:55:08.938 [TestNG-test=Test-1] INFO  ecommerceTesting.UsrAccCreateAndValdTest - Opening URL - http://automationpractice.com/index.php
19:55:18.114 [TestNG-test=Test-1] INFO  ecommerceTesting.UsrAccCreateAndValdTest - URL loaded
19:55:18.163 [TestNG-test=Test-1] INFO  ecommerceTesting.UsrAccCreateAndValdTest - Clicking on Sign in
19:55:23.985 [TestNG-test=Test-1] INFO  ecommerceTesting.UsrAccCreateAndValdTest - Initiating driver
19:55:26.963 [TestNG-test=Test-1] INFO  ecommerceTesting.UsrAccCreateAndValdTest - Driver initiation comlplete
19:55:26.965 [TestNG-test=Test-1] INFO  ecommerceTesting.UsrAccCreateAndValdTest - Opening URL - http://automationpractice.com/index.php
19:55:38.079 [TestNG-test=Test-1] INFO  ecommerceTesting.UsrAccCreateAndValdTest - URL loaded
19:55:38.081 [TestNG-test=Test-1] INFO  ecommerceTesting.UsrAccCreateAndValdTest - Clicking on Sign in
19:56:53.643 [TestNG-test=Test-1] INFO  ecommerceTesting.UsrAccCreateAndValdTest - Initiating driver
19:56:56.487 [TestNG-test=Test-1] INFO  ecommerceTesting.UsrAccCreateAndValdTest - Driver initiation comlplete
19:56:56.500 [TestNG-test=Test-1] INFO  ecommerceTesting.UsrAccCreateAndValdTest - Opening URL - http://automationpractice.com/index.php
19:57:08.277 [TestNG-test=Test-1] INFO  ecommerceTesting.UsrAccCreateAndValdTest - URL loaded
19:57:08.320 [TestNG-test=Test-1] INFO  ecommerceTesting.UsrAccCreateAndValdTest - Clicking on Sign in
19:57:14.273 [TestNG-test=Test-1] INFO  ecommerceTesting.UsrAccCreateAndValdTest - Entering Email details zszs1assss@mail.com
19:57:14.424 [TestNG-test=Test-1] INFO  ecommerceTesting.UsrAccCreateAndValdTest - Registering
19:57:16.575 [TestNG-test=Test-1] INFO  ecommerceTesting.UsrAccCreateAndValdTest - Entering user details for Mr Rav Raj
19:57:18.742 [TestNG-test=Test-1] INFO  ecommerceTesting.UsrAccCreateAndValdTest - Submitting details addninfo askjfhkjasf
19:57:18.835 [TestNG-test=Test-1] INFO  ecommerceTesting.UsrAccCreateAndValdTest - Submitting details now  mobile no 1234567890
19:57:18.933 [TestNG-test=Test-1] INFO  ecommerceTesting.UsrAccCreateAndValdTest - Submitting details till mobile no 1234567890
19:57:25.673 [TestNG-test=Test-1] INFO  ecommerceTesting.UsrAccCreateAndValdTest - Validating user creation
19:57:25.707 [TestNG-test=Test-1] INFO  ecommerceTesting.UsrAccCreateAndValdTest - User creation success
19:57:33.766 [TestNG-test=Test-1] INFO  ecommerceTesting.UsrAccCreateAndValdTest - Initiating driver
19:57:42.449 [TestNG-test=Test-1] INFO  ecommerceTesting.UsrAccCreateAndValdTest - Driver initiation comlplete
19:57:42.451 [TestNG-test=Test-1] INFO  ecommerceTesting.UsrAccCreateAndValdTest - Opening URL - http://automationpractice.com/index.php
19:57:53.911 [TestNG-test=Test-1] INFO  ecommerceTesting.UsrAccCreateAndValdTest - URL loaded
19:57:53.913 [TestNG-test=Test-1] INFO  ecommerceTesting.UsrAccCreateAndValdTest - Clicking on Sign in
19:58:01.648 [TestNG-test=Test-1] INFO  ecommerceTesting.UsrAccCreateAndValdTest - Entering Email details sssssxsyd3@mail.com
19:58:02.239 [TestNG-test=Test-1] INFO  ecommerceTesting.UsrAccCreateAndValdTest - Registering
19:58:04.330 [TestNG-test=Test-1] INFO  ecommerceTesting.UsrAccCreateAndValdTest - Entering user details for Mrs Rave Raji
19:58:07.417 [TestNG-test=Test-1] INFO  ecommerceTesting.UsrAccCreateAndValdTest - Submitting details addninfo askjfhkjasf
19:58:07.515 [TestNG-test=Test-1] INFO  ecommerceTesting.UsrAccCreateAndValdTest - Submitting details now  mobile no 1234567890
19:58:07.623 [TestNG-test=Test-1] INFO  ecommerceTesting.UsrAccCreateAndValdTest - Submitting details till mobile no 1234567890
19:58:12.575 [TestNG-test=Test-1] INFO  ecommerceTesting.UsrAccCreateAndValdTest - Validating user creation
19:58:12.603 [TestNG-test=Test-1] INFO  ecommerceTesting.UsrAccCreateAndValdTest - User creation success
20:00:51.440 [TestNG-test=Test-1] INFO  ecommerceTesting.UsrAccCreateAndValdTest - Initiating driver
20:00:55.371 [TestNG-test=Test-1] INFO  ecommerceTesting.UsrAccCreateAndValdTest - Driver initiation comlplete
20:00:55.385 [TestNG-test=Test-1] INFO  ecommerceTesting.UsrAccCreateAndValdTest - Opening URL - http://automationpractice.com/index.php
20:01:04.421 [TestNG-test=Test-1] INFO  ecommerceTesting.UsrAccCreateAndValdTest - URL loaded
20:01:04.428 [TestNG-test=Test-1] INFO  ecommerceTesting.UsrAccCreateAndValdTest - Clicking on Sign in
20:01:10.250 [TestNG-test=Test-1] INFO  ecommerceTesting.UsrAccCreateAndValdTest - Entering Email details zszs1asssss@mail.com
20:01:10.394 [TestNG-test=Test-1] INFO  ecommerceTesting.UsrAccCreateAndValdTest - Registering
20:01:12.517 [TestNG-test=Test-1] INFO  ecommerceTesting.UsrAccCreateAndValdTest - Entering user details for Mr Rav Raj
20:01:13.523 [TestNG-test=Test-1] INFO  ecommerceTesting.UsrAccCreateAndValdTest - Submitting details addninfo askjfhkjasf
20:01:13.649 [TestNG-test=Test-1] INFO  ecommerceTesting.UsrAccCreateAndValdTest - Submitting details now  mobile no 1234567890
20:01:13.807 [TestNG-test=Test-1] INFO  ecommerceTesting.UsrAccCreateAndValdTest - Submitting details till mobile no 1234567890
20:01:18.757 [TestNG-test=Test-1] INFO  ecommerceTesting.UsrAccCreateAndValdTest - Validating user creation
20:01:18.786 [TestNG-test=Test-1] INFO  ecommerceTesting.UsrAccCreateAndValdTest - User creation success
20:01:24.122 [TestNG-test=Test-1] INFO  ecommerceTesting.UsrAccCreateAndValdTest - Initiating driver
20:01:26.861 [TestNG-test=Test-1] INFO  ecommerceTesting.UsrAccCreateAndValdTest - Driver initiation comlplete
20:01:26.863 [TestNG-test=Test-1] INFO  ecommerceTesting.UsrAccCreateAndValdTest - Opening URL - http://automationpractice.com/index.php
20:01:39.947 [TestNG-test=Test-1] INFO  ecommerceTesting.UsrAccCreateAndValdTest - URL loaded
20:01:39.949 [TestNG-test=Test-1] INFO  ecommerceTesting.UsrAccCreateAndValdTest - Clicking on Sign in
20:01:45.461 [TestNG-test=Test-1] INFO  ecommerceTesting.UsrAccCreateAndValdTest - Entering Email details sssssxssyd3@mail.com
20:01:45.567 [TestNG-test=Test-1] INFO  ecommerceTesting.UsrAccCreateAndValdTest - Registering
20:01:47.642 [TestNG-test=Test-1] INFO  ecommerceTesting.UsrAccCreateAndValdTest - Entering user details for Mrs Rave Raji
20:01:49.479 [TestNG-test=Test-1] INFO  ecommerceTesting.UsrAccCreateAndValdTest - Submitting details addninfo askjfhkjasf
20:01:49.586 [TestNG-test=Test-1] INFO  ecommerceTesting.UsrAccCreateAndValdTest - Submitting details now  mobile no 1234567890
20:01:49.710 [TestNG-test=Test-1] INFO  ecommerceTesting.UsrAccCreateAndValdTest - Submitting details till mobile no 1234567890
20:01:54.166 [TestNG-test=Test-1] INFO  ecommerceTesting.UsrAccCreateAndValdTest - Validating user creation
20:01:54.204 [TestNG-test=Test-1] INFO  ecommerceTesting.UsrAccCreateAndValdTest - User creation success
20:13:00.029 [TestNG-test=Test-1] INFO  ecommerceTesting.UsrAccCreateAndValdTest - Initiating driver
20:13:12.359 [TestNG-test=Test-1] INFO  ecommerceTesting.UsrAccCreateAndValdTest - Driver initiation comlplete
20:13:12.521 [TestNG-test=Test-1] INFO  ecommerceTesting.UsrAccCreateAndValdTest - Opening URL - http://automationpractice.com/index.php
20:13:20.588 [TestNG-test=Test-1] INFO  ecommerceTesting.UsrAccCreateAndValdTest - URL loaded
20:13:20.639 [TestNG-test=Test-1] INFO  ecommerceTesting.UsrAccCreateAndValdTest - Clicking on Sign in
20:13:25.907 [TestNG-test=Test-1] INFO  ecommerceTesting.UsrAccCreateAndValdTest - Initiating driver
20:13:35.170 [TestNG-test=Test-1] INFO  ecommerceTesting.UsrAccCreateAndValdTest - Driver initiation comlplete
20:13:35.172 [TestNG-test=Test-1] INFO  ecommerceTesting.UsrAccCreateAndValdTest - Opening URL - http://automationpractice.com/index.php
20:13:45.473 [TestNG-test=Test-1] INFO  ecommerceTesting.UsrAccCreateAndValdTest - URL loaded
20:13:45.475 [TestNG-test=Test-1] INFO  ecommerceTesting.UsrAccCreateAndValdTest - Clicking on Sign in
20:15:59.426 [TestNG-test=Test-1] INFO  ecommerceTesting.UsrAccCreateAndValdTest - Initiating driver
20:16:12.346 [TestNG-test=Test-1] INFO  ecommerceTesting.UsrAccCreateAndValdTest - Driver initiation comlplete
20:16:12.361 [TestNG-test=Test-1] INFO  ecommerceTesting.UsrAccCreateAndValdTest - Opening URL - http://automationpractice.com/index.php
20:16:20.226 [TestNG-test=Test-1] INFO  ecommerceTesting.UsrAccCreateAndValdTest - URL loaded
20:16:20.235 [TestNG-test=Test-1] INFO  ecommerceTesting.UsrAccCreateAndValdTest - Clicking on Sign in
20:16:27.005 [TestNG-test=Test-1] INFO  ecommerceTesting.UsrAccCreateAndValdTest - Entering Email details fire@gm.c
20:16:27.092 [TestNG-test=Test-1] INFO  ecommerceTesting.UsrAccCreateAndValdTest - Registering
20:16:29.438 [TestNG-test=Test-1] INFO  ecommerceTesting.UsrAccCreateAndValdTest - Entering user details for Mr Rav Raj
20:16:30.350 [TestNG-test=Test-1] INFO  ecommerceTesting.UsrAccCreateAndValdTest - Submitting details addninfo askjfhkjasf
20:16:30.398 [TestNG-test=Test-1] INFO  ecommerceTesting.UsrAccCreateAndValdTest - Submitting details now  mobile no 1234567890
20:16:30.525 [TestNG-test=Test-1] INFO  ecommerceTesting.UsrAccCreateAndValdTest - Submitting details till mobile no 1234567890
20:16:35.792 [TestNG-test=Test-1] INFO  ecommerceTesting.UsrAccCreateAndValdTest - Validating user creation
20:16:35.809 [TestNG-test=Test-1] INFO  ecommerceTesting.UsrAccCreateAndValdTest - User creation success
20:16:41.348 [TestNG-test=Test-1] INFO  ecommerceTesting.UsrAccCreateAndValdTest - Initiating driver
20:16:49.137 [TestNG-test=Test-1] INFO  ecommerceTesting.UsrAccCreateAndValdTest - Driver initiation comlplete
20:16:49.140 [TestNG-test=Test-1] INFO  ecommerceTesting.UsrAccCreateAndValdTest - Opening URL - http://automationpractice.com/index.php
20:16:57.150 [TestNG-test=Test-1] INFO  ecommerceTesting.UsrAccCreateAndValdTest - URL loaded
20:16:57.152 [TestNG-test=Test-1] INFO  ecommerceTesting.UsrAccCreateAndValdTest - Clicking on Sign in
20:17:04.705 [TestNG-test=Test-1] INFO  ecommerceTesting.UsrAccCreateAndValdTest - Entering Email details re@gm.co
20:17:04.770 [TestNG-test=Test-1] INFO  ecommerceTesting.UsrAccCreateAndValdTest - Registering
20:17:07.039 [TestNG-test=Test-1] INFO  ecommerceTesting.UsrAccCreateAndValdTest - Entering user details for Mrs Rave Raji
20:17:08.035 [TestNG-test=Test-1] INFO  ecommerceTesting.UsrAccCreateAndValdTest - Submitting details addninfo askjfhkjasf
20:17:08.090 [TestNG-test=Test-1] INFO  ecommerceTesting.UsrAccCreateAndValdTest - Submitting details now  mobile no 1234567890
20:17:08.173 [TestNG-test=Test-1] INFO  ecommerceTesting.UsrAccCreateAndValdTest - Submitting details till mobile no 1234567890
20:17:14.880 [TestNG-test=Test-1] INFO  ecommerceTesting.UsrAccCreateAndValdTest - Validating user creation
20:17:14.898 [TestNG-test=Test-1] INFO  ecommerceTesting.UsrAccCreateAndValdTest - User creation success
20:25:10.403 [TestNG-test=Test-1] INFO  ecommerceTesting.UsrAccCreateAndValdTest - Initiating driver
20:25:55.635 [TestNG-test=Test-1] INFO  ecommerceTesting.UsrAccCreateAndValdTest - Driver initiation comlplete
20:25:55.917 [TestNG-test=Test-1] INFO  ecommerceTesting.UsrAccCreateAndValdTest - Opening URL - http://automationpractice.com/index.php
20:26:15.338 [TestNG-test=Test-1] INFO  ecommerceTesting.UsrAccCreateAndValdTest - URL loaded
20:26:15.527 [TestNG-test=Test-1] INFO  ecommerceTesting.UsrAccCreateAndValdTest - Clicking on Sign in
20:26:25.267 [TestNG-test=Test-1] INFO  ecommerceTesting.UsrAccCreateAndValdTest - Entering Email details fires@gm.c
20:26:27.127 [TestNG-test=Test-1] INFO  ecommerceTesting.UsrAccCreateAndValdTest - Registering
20:26:29.926 [TestNG-test=Test-1] INFO  ecommerceTesting.UsrAccCreateAndValdTest - Entering user details for Mr Rav Raj
20:26:32.381 [TestNG-test=Test-1] INFO  ecommerceTesting.UsrAccCreateAndValdTest - Submitting details addninfo askjfhkjasf
20:26:32.532 [TestNG-test=Test-1] INFO  ecommerceTesting.UsrAccCreateAndValdTest - Submitting details now  mobile no 1234567890
20:26:32.918 [TestNG-test=Test-1] INFO  ecommerceTesting.UsrAccCreateAndValdTest - Submitting details till mobile no 1234567890
20:26:37.410 [TestNG-test=Test-1] INFO  ecommerceTesting.UsrAccCreateAndValdTest - Validating user creation
20:26:37.507 [TestNG-test=Test-1] INFO  ecommerceTesting.UsrAccCreateAndValdTest - User creation success
20:26:45.555 [TestNG-test=Test-1] INFO  ecommerceTesting.UsrAccCreateAndValdTest - Initiating driver
20:26:58.220 [TestNG-test=Test-1] INFO  ecommerceTesting.UsrAccCreateAndValdTest - Driver initiation comlplete
20:26:58.223 [TestNG-test=Test-1] INFO  ecommerceTesting.UsrAccCreateAndValdTest - Opening URL - http://automationpractice.com/index.php
20:27:06.705 [TestNG-test=Test-1] INFO  ecommerceTesting.UsrAccCreateAndValdTest - URL loaded
20:27:06.707 [TestNG-test=Test-1] INFO  ecommerceTesting.UsrAccCreateAndValdTest - Clicking on Sign in
20:27:13.752 [TestNG-test=Test-1] INFO  ecommerceTesting.UsrAccCreateAndValdTest - Entering Email details res@gm.co
20:27:13.803 [TestNG-test=Test-1] INFO  ecommerceTesting.UsrAccCreateAndValdTest - Registering
20:27:16.067 [TestNG-test=Test-1] INFO  ecommerceTesting.UsrAccCreateAndValdTest - Entering user details for Mrs Rave Raji
20:27:16.773 [TestNG-test=Test-1] INFO  ecommerceTesting.UsrAccCreateAndValdTest - Submitting details addninfo askjfhkjasf
20:27:16.821 [TestNG-test=Test-1] INFO  ecommerceTesting.UsrAccCreateAndValdTest - Submitting details now  mobile no 1234567890
20:27:16.919 [TestNG-test=Test-1] INFO  ecommerceTesting.UsrAccCreateAndValdTest - Submitting details till mobile no 1234567890
20:27:21.419 [TestNG-test=Test-1] INFO  ecommerceTesting.UsrAccCreateAndValdTest - Validating user creation
20:27:21.435 [TestNG-test=Test-1] INFO  ecommerceTesting.UsrAccCreateAndValdTest - User creation success
